[     506ms] [LOG] Hi there! You're looking at Render version 3e1d2b055. @ https://render.com/_next/static/chunks/7853-4c3bedf9eb5b9569.js?dpl=qdqd5:0
[    3292ms] [ERROR] Refused to connect to 'https://discord.gg/gWBFXry3rY?_rsc=e-75uWzv0qrZkGgw' because it violates the following Content Security Policy directive: "connect-src 'self' https://*.algolia.net https://*.algolianet.com https://*.google-analytics.com https://*.google.com https://*.googletagmanager.com https://*.hsforms.com https://*.inkeep.com https://*.linkedin.com https://*.osano.com https://*.posthog.com https://*.i.posthog.com https://*.segment.com https://*.segment.io https://api.unifyintent.com https://api.ashbyhq.com https://cdn.growthbook.io https://cdn.sanity.io https://hubspot-forms-static-embed.s3.amazonaws.com https://pagead2.googlesyndication.com https://scout.salesloft.com https://translate.googleapis.com".
 @ https://render.com/docs/troubleshooting-deploys:0
[    3293ms] [ERROR] Failed to fetch RSC payload for https://render.com/discord. Falling back to browser navigation. TypeError: Failed to fetch
    at y (https://render.com/_next/static/chunks/1255-adc40e9f4de5a50e.js?dpl=d6f9984c8:1:45121)
    at async _ (https://render.com/_next/static/chunks/1255-adc40e9f4de5a50e.js?dpl=d6f9984c8:1:43950)
    at async Object.o [as task] (https://render.com/_next/static/chunks/1255-adc40e9f4de5a50e.js?dpl=d6f9984c8:1:122308) @ https://render.com/_next/static/chunks/1255-adc40e9f4de5a50e.js?dpl=d6f9984c8:0
[    9099ms] [WARNING] The resource https://render.com/docs/troubleshooting-deploys.md was preloaded using link preload but not used within a few seconds from the window's load event. Please make sure it has an appropriate `as` value and it is preloaded intentionally. @ https://render.com/docs/troubleshooting-deploys:0
[   14106ms] [WARNING] The resource https://render.com/docs/troubleshooting-deploys.md was preloaded using link preload but not used within a few seconds from the window's load event. Please make sure it has an appropriate `as` value and it is preloaded intentionally. @ https://render.com/docs/troubleshooting-deploys:0
[   17243ms] [WARNING] The resource https://render.com/docs/troubleshooting-deploys.md was preloaded using link preload but not used within a few seconds from the window's load event. Please make sure it has an appropriate `as` value and it is preloaded intentionally. @ https://render.com/docs/troubleshooting-deploys:0
[   34569ms] [WARNING] The resource https://render.com/docs/troubleshooting-deploys.md was preloaded using link preload but not used within a few seconds from the window's load event. Please make sure it has an appropriate `as` value and it is preloaded intentionally. @ https://render.com/docs/troubleshooting-deploys:0
[   46476ms] [WARNING] The resource https://render.com/docs/troubleshooting-deploys.md was preloaded using link preload but not used within a few seconds from the window's load event. Please make sure it has an appropriate `as` value and it is preloaded intentionally. @ https://render.com/docs/troubleshooting-deploys:0
[  106033ms] [WARNING] The resource https://render.com/docs/troubleshooting-deploys.md was preloaded using link preload but not used within a few seconds from the window's load event. Please make sure it has an appropriate `as` value and it is preloaded intentionally. @ https://render.com/docs/troubleshooting-deploys:0
[  142387ms] [WARNING] The resource https://render.com/docs/troubleshooting-deploys.md was preloaded using link preload but not used within a few seconds from the window's load event. Please make sure it has an appropriate `as` value and it is preloaded intentionally. @ https://render.com/docs/troubleshooting-deploys:0
[  189547ms] [WARNING] The resource https://render.com/docs/troubleshooting-deploys.md was preloaded using link preload but not used within a few seconds from the window's load event. Please make sure it has an appropriate `as` value and it is preloaded intentionally. @ https://render.com/docs/troubleshooting-deploys:0
[  200579ms] [WARNING] The resource https://render.com/docs/troubleshooting-deploys.md was preloaded using link preload but not used within a few seconds from the window's load event. Please make sure it has an appropriate `as` value and it is preloaded intentionally. @ https://render.com/docs/troubleshooting-deploys:0
[  276080ms] [WARNING] The resource https://render.com/docs/troubleshooting-deploys.md was preloaded using link preload but not used within a few seconds from the window's load event. Please make sure it has an appropriate `as` value and it is preloaded intentionally. @ https://render.com/docs/troubleshooting-deploys:0
[  304757ms] [WARNING] The resource https://render.com/docs/troubleshooting-deploys.md was preloaded using link preload but not used within a few seconds from the window's load event. Please make sure it has an appropriate `as` value and it is preloaded intentionally. @ https://render.com/docs/troubleshooting-deploys:0
[  374538ms] [WARNING] The resource https://render.com/docs/troubleshooting-deploys.md was preloaded using link preload but not used within a few seconds from the window's load event. Please make sure it has an appropriate `as` value and it is preloaded intentionally. @ https://render.com/docs/troubleshooting-deploys:0
[  585037ms] [WARNING] The resource https://render.com/docs/troubleshooting-deploys.md was preloaded using link preload but not used within a few seconds from the window's load event. Please make sure it has an appropriate `as` value and it is preloaded intentionally. @ https://render.com/docs/troubleshooting-deploys:0
[  604762ms] [WARNING] The resource https://render.com/docs/troubleshooting-deploys.md was preloaded using link preload but not used within a few seconds from the window's load event. Please make sure it has an appropriate `as` value and it is preloaded intentionally. @ https://render.com/docs/troubleshooting-deploys:0
[  894905ms] [WARNING] The resource https://render.com/docs/troubleshooting-deploys.md was preloaded using link preload but not used within a few seconds from the window's load event. Please make sure it has an appropriate `as` value and it is preloaded intentionally. @ https://render.com/docs/troubleshooting-deploys:0
[  904720ms] [WARNING] The resource https://render.com/docs/troubleshooting-deploys.md was preloaded using link preload but not used within a few seconds from the window's load event. Please make sure it has an appropriate `as` value and it is preloaded intentionally. @ https://render.com/docs/troubleshooting-deploys:0
[ 1204771ms] [WARNING] The resource https://render.com/docs/troubleshooting-deploys.md was preloaded using link preload but not used within a few seconds from the window's load event. Please make sure it has an appropriate `as` value and it is preloaded intentionally. @ https://render.com/docs/troubleshooting-deploys:0
[ 1504780ms] [WARNING] The resource https://render.com/docs/troubleshooting-deploys.md was preloaded using link preload but not used within a few seconds from the window's load event. Please make sure it has an appropriate `as` value and it is preloaded intentionally. @ https://render.com/docs/troubleshooting-deploys:0
[ 1514072ms] [WARNING] The resource https://render.com/docs/troubleshooting-deploys.md was preloaded using link preload but not used within a few seconds from the window's load event. Please make sure it has an appropriate `as` value and it is preloaded intentionally. @ https://render.com/docs/troubleshooting-deploys:0
[ 1527344ms] [ERROR] Failed to load resource: net::ERR_NETWORK_IO_SUSPENDED @ https://cdn.growthbook.io/sub/sdk-ixbmZEKujCQRKUxc:0
[ 1530345ms] [WARNING] The resource https://render.com/docs/troubleshooting-deploys.md was preloaded using link preload but not used within a few seconds from the window's load event. Please make sure it has an appropriate `as` value and it is preloaded intentionally. @ https://render.com/docs/troubleshooting-deploys:0
[ 1824305ms] [ERROR] Failed to load resource: net::ERR_NETWORK_IO_SUSPENDED @ https://cdn.growthbook.io/sub/sdk-ixbmZEKujCQRKUxc:0
[ 1827309ms] [WARNING] The resource https://render.com/docs/troubleshooting-deploys.md was preloaded using link preload but not used within a few seconds from the window's load event. Please make sure it has an appropriate `as` value and it is preloaded intentionally. @ https://render.com/docs/troubleshooting-deploys:0
[ 2860584ms] [WARNING] The resource https://render.com/docs/troubleshooting-deploys.md was preloaded using link preload but not used within a few seconds from the window's load event. Please make sure it has an appropriate `as` value and it is preloaded intentionally. @ https://render.com/docs/troubleshooting-deploys:0
[ 2862023ms] [ERROR] Failed to load resource: net::ERR_CONNECTION_CLOSED @ https://cdn.growthbook.io/sub/sdk-ixbmZEKujCQRKUxc:0
[ 2865024ms] [WARNING] The resource https://render.com/docs/troubleshooting-deploys.md was preloaded using link preload but not used within a few seconds from the window's load event. Please make sure it has an appropriate `as` value and it is preloaded intentionally. @ https://render.com/docs/troubleshooting-deploys:0
[ 3828717ms] [ERROR] Failed to load resource: net::ERR_CONNECTION_CLOSED @ https://cdn.growthbook.io/sub/sdk-ixbmZEKujCQRKUxc:0
[ 3831720ms] [WARNING] The resource https://render.com/docs/troubleshooting-deploys.md was preloaded using link preload but not used within a few seconds from the window's load event. Please make sure it has an appropriate `as` value and it is preloaded intentionally. @ https://render.com/docs/troubleshooting-deploys:0
[ 4779758ms] [WARNING] The resource https://render.com/docs/troubleshooting-deploys.md was preloaded using link preload but not used within a few seconds from the window's load event. Please make sure it has an appropriate `as` value and it is preloaded intentionally. @ https://render.com/docs/troubleshooting-deploys:0
[ 4790395ms] [ERROR] Failed to load resource: net::ERR_CONNECTION_CLOSED @ https://cdn.growthbook.io/sub/sdk-ixbmZEKujCQRKUxc:0
[ 4793396ms] [WARNING] The resource https://render.com/docs/troubleshooting-deploys.md was preloaded using link preload but not used within a few seconds from the window's load event. Please make sure it has an appropriate `as` value and it is preloaded intentionally. @ https://render.com/docs/troubleshooting-deploys:0
[ 6774724ms] [ERROR] Failed to load resource: net::ERR_CONNECTION_CLOSED @ https://cdn.growthbook.io/sub/sdk-ixbmZEKujCQRKUxc:0
[ 6777726ms] [WARNING] The resource https://render.com/docs/troubleshooting-deploys.md was preloaded using link preload but not used within a few seconds from the window's load event. Please make sure it has an appropriate `as` value and it is preloaded intentionally. @ https://render.com/docs/troubleshooting-deploys:0
[ 6836099ms] [WARNING] The resource https://render.com/docs/troubleshooting-deploys.md was preloaded using link preload but not used within a few seconds from the window's load event. Please make sure it has an appropriate `as` value and it is preloaded intentionally. @ https://render.com/docs/troubleshooting-deploys:0
[ 6946613ms] [WARNING] The resource https://render.com/docs/troubleshooting-deploys.md was preloaded using link preload but not used within a few seconds from the window's load event. Please make sure it has an appropriate `as` value and it is preloaded intentionally. @ https://render.com/docs/troubleshooting-deploys:0
[ 7078000ms] [WARNING] The resource https://render.com/docs/troubleshooting-deploys.md was preloaded using link preload but not used within a few seconds from the window's load event. Please make sure it has an appropriate `as` value and it is preloaded intentionally. @ https://render.com/docs/troubleshooting-deploys:0
[ 8070180ms] [ERROR] Failed to load resource: net::ERR_CONNECTION_CLOSED @ https://cdn.growthbook.io/sub/sdk-ixbmZEKujCQRKUxc:0
[ 8073182ms] [WARNING] The resource https://render.com/docs/troubleshooting-deploys.md was preloaded using link preload but not used within a few seconds from the window's load event. Please make sure it has an appropriate `as` value and it is preloaded intentionally. @ https://render.com/docs/troubleshooting-deploys:0
[ 8817735ms] [ERROR] Failed to load resource: net::ERR_CONNECTION_CLOSED @ https://cdn.growthbook.io/sub/sdk-ixbmZEKujCQRKUxc:0
[ 8820736ms] [WARNING] The resource https://render.com/docs/troubleshooting-deploys.md was preloaded using link preload but not used within a few seconds from the window's load event. Please make sure it has an appropriate `as` value and it is preloaded intentionally. @ https://render.com/docs/troubleshooting-deploys:0
[ 9781049ms] [WARNING] The resource https://render.com/docs/troubleshooting-deploys.md was preloaded using link preload but not used within a few seconds from the window's load event. Please make sure it has an appropriate `as` value and it is preloaded intentionally. @ https://render.com/docs/troubleshooting-deploys:0
[ 9807586ms] [ERROR] Failed to load resource: net::ERR_CONNECTION_CLOSED @ https://cdn.growthbook.io/sub/sdk-ixbmZEKujCQRKUxc:0
[ 9810589ms] [WARNING] The resource https://render.com/docs/troubleshooting-deploys.md was preloaded using link preload but not used within a few seconds from the window's load event. Please make sure it has an appropriate `as` value and it is preloaded intentionally. @ https://render.com/docs/troubleshooting-deploys:0
[10988319ms] [WARNING] The resource https://render.com/docs/troubleshooting-deploys.md was preloaded using link preload but not used within a few seconds from the window's load event. Please make sure it has an appropriate `as` value and it is preloaded intentionally. @ https://render.com/docs/troubleshooting-deploys:0
[10994214ms] [ERROR] Failed to load resource: net::ERR_CONNECTION_CLOSED @ https://cdn.growthbook.io/sub/sdk-ixbmZEKujCQRKUxc:0
[10997215ms] [WARNING] The resource https://render.com/docs/troubleshooting-deploys.md was preloaded using link preload but not used within a few seconds from the window's load event. Please make sure it has an appropriate `as` value and it is preloaded intentionally. @ https://render.com/docs/troubleshooting-deploys:0
[11957373ms] [ERROR] Failed to load resource: net::ERR_CONNECTION_CLOSED @ https://cdn.growthbook.io/sub/sdk-ixbmZEKujCQRKUxc:0
[11960375ms] [WARNING] The resource https://render.com/docs/troubleshooting-deploys.md was preloaded using link preload but not used within a few seconds from the window's load event. Please make sure it has an appropriate `as` value and it is preloaded intentionally. @ https://render.com/docs/troubleshooting-deploys:0
[12459916ms] [WARNING] The resource https://render.com/docs/troubleshooting-deploys.md was preloaded using link preload but not used within a few seconds from the window's load event. Please make sure it has an appropriate `as` value and it is preloaded intentionally. @ https://render.com/docs/troubleshooting-deploys:0
[12657266ms] [WARNING] The resource https://render.com/docs/troubleshooting-deploys.md was preloaded using link preload but not used within a few seconds from the window's load event. Please make sure it has an appropriate `as` value and it is preloaded intentionally. @ https://render.com/docs/troubleshooting-deploys:0
[12669810ms] [WARNING] The resource https://render.com/docs/troubleshooting-deploys.md was preloaded using link preload but not used within a few seconds from the window's load event. Please make sure it has an appropriate `as` value and it is preloaded intentionally. @ https://render.com/docs/troubleshooting-deploys:0
[12913694ms] [WARNING] The resource https://render.com/docs/troubleshooting-deploys.md was preloaded using link preload but not used within a few seconds from the window's load event. Please make sure it has an appropriate `as` value and it is preloaded intentionally. @ https://render.com/docs/troubleshooting-deploys:0
[12969775ms] [WARNING] The resource https://render.com/docs/troubleshooting-deploys.md was preloaded using link preload but not used within a few seconds from the window's load event. Please make sure it has an appropriate `as` value and it is preloaded intentionally. @ https://render.com/docs/troubleshooting-deploys:0
[13220673ms] [WARNING] The resource https://render.com/docs/troubleshooting-deploys.md was preloaded using link preload but not used within a few seconds from the window's load event. Please make sure it has an appropriate `as` value and it is preloaded intentionally. @ https://render.com/docs/troubleshooting-deploys:0
[13269762ms] [WARNING] The resource https://render.com/docs/troubleshooting-deploys.md was preloaded using link preload but not used within a few seconds from the window's load event. Please make sure it has an appropriate `as` value and it is preloaded intentionally. @ https://render.com/docs/troubleshooting-deploys:0
[13530445ms] [WARNING] The resource https://render.com/docs/troubleshooting-deploys.md was preloaded using link preload but not used within a few seconds from the window's load event. Please make sure it has an appropriate `as` value and it is preloaded intentionally. @ https://render.com/docs/troubleshooting-deploys:0
[13569742ms] [WARNING] The resource https://render.com/docs/troubleshooting-deploys.md was preloaded using link preload but not used within a few seconds from the window's load event. Please make sure it has an appropriate `as` value and it is preloaded intentionally. @ https://render.com/docs/troubleshooting-deploys:0
[13840515ms] [WARNING] The resource https://render.com/docs/troubleshooting-deploys.md was preloaded using link preload but not used within a few seconds from the window's load event. Please make sure it has an appropriate `as` value and it is preloaded intentionally. @ https://render.com/docs/troubleshooting-deploys:0
[13869736ms] [WARNING] The resource https://render.com/docs/troubleshooting-deploys.md was preloaded using link preload but not used within a few seconds from the window's load event. Please make sure it has an appropriate `as` value and it is preloaded intentionally. @ https://render.com/docs/troubleshooting-deploys:0
[14150790ms] [WARNING] The resource https://render.com/docs/troubleshooting-deploys.md was preloaded using link preload but not used within a few seconds from the window's load event. Please make sure it has an appropriate `as` value and it is preloaded intentionally. @ https://render.com/docs/troubleshooting-deploys:0
[14169758ms] [WARNING] The resource https://render.com/docs/troubleshooting-deploys.md was preloaded using link preload but not used within a few seconds from the window's load event. Please make sure it has an appropriate `as` value and it is preloaded intentionally. @ https://render.com/docs/troubleshooting-deploys:0
[14461068ms] [WARNING] The resource https://render.com/docs/troubleshooting-deploys.md was preloaded using link preload but not used within a few seconds from the window's load event. Please make sure it has an appropriate `as` value and it is preloaded intentionally. @ https://render.com/docs/troubleshooting-deploys:0
[14469710ms] [WARNING] The resource https://render.com/docs/troubleshooting-deploys.md was preloaded using link preload but not used within a few seconds from the window's load event. Please make sure it has an appropriate `as` value and it is preloaded intentionally. @ https://render.com/docs/troubleshooting-deploys:0
[14769699ms] [WARNING] The resource https://render.com/docs/troubleshooting-deploys.md was preloaded using link preload but not used within a few seconds from the window's load event. Please make sure it has an appropriate `as` value and it is preloaded intentionally. @ https://render.com/docs/troubleshooting-deploys:0
[15069662ms] [WARNING] The resource https://render.com/docs/troubleshooting-deploys.md was preloaded using link preload but not used within a few seconds from the window's load event. Please make sure it has an appropriate `as` value and it is preloaded intentionally. @ https://render.com/docs/troubleshooting-deploys:0
[15079361ms] [WARNING] The resource https://render.com/docs/troubleshooting-deploys.md was preloaded using link preload but not used within a few seconds from the window's load event. Please make sure it has an appropriate `as` value and it is preloaded intentionally. @ https://render.com/docs/troubleshooting-deploys:0
[15369671ms] [WARNING] The resource https://render.com/docs/troubleshooting-deploys.md was preloaded using link preload but not used within a few seconds from the window's load event. Please make sure it has an appropriate `as` value and it is preloaded intentionally. @ https://render.com/docs/troubleshooting-deploys:0
[15389319ms] [WARNING] The resource https://render.com/docs/troubleshooting-deploys.md was preloaded using link preload but not used within a few seconds from the window's load event. Please make sure it has an appropriate `as` value and it is preloaded intentionally. @ https://render.com/docs/troubleshooting-deploys:0
[15669660ms] [WARNING] The resource https://render.com/docs/troubleshooting-deploys.md was preloaded using link preload but not used within a few seconds from the window's load event. Please make sure it has an appropriate `as` value and it is preloaded intentionally. @ https://render.com/docs/troubleshooting-deploys:0
[15697030ms] [WARNING] The resource https://render.com/docs/troubleshooting-deploys.md was preloaded using link preload but not used within a few seconds from the window's load event. Please make sure it has an appropriate `as` value and it is preloaded intentionally. @ https://render.com/docs/troubleshooting-deploys:0
[15972141ms] [WARNING] The resource https://render.com/docs/troubleshooting-deploys.md was preloaded using link preload but not used within a few seconds from the window's load event. Please make sure it has an appropriate `as` value and it is preloaded intentionally. @ https://render.com/docs/troubleshooting-deploys:0
[16007204ms] [WARNING] The resource https://render.com/docs/troubleshooting-deploys.md was preloaded using link preload but not used within a few seconds from the window's load event. Please make sure it has an appropriate `as` value and it is preloaded intentionally. @ https://render.com/docs/troubleshooting-deploys:0
[17064154ms] [ERROR] Failed to load resource: net::ERR_CONNECTION_CLOSED @ https://cdn.growthbook.io/sub/sdk-ixbmZEKujCQRKUxc:0
[17067157ms] [WARNING] The resource https://render.com/docs/troubleshooting-deploys.md was preloaded using link preload but not used within a few seconds from the window's load event. Please make sure it has an appropriate `as` value and it is preloaded intentionally. @ https://render.com/docs/troubleshooting-deploys:0
[18053221ms] [ERROR] Failed to load resource: net::ERR_CONNECTION_CLOSED @ https://cdn.growthbook.io/sub/sdk-ixbmZEKujCQRKUxc:0
[18056224ms] [WARNING] The resource https://render.com/docs/troubleshooting-deploys.md was preloaded using link preload but not used within a few seconds from the window's load event. Please make sure it has an appropriate `as` value and it is preloaded intentionally. @ https://render.com/docs/troubleshooting-deploys:0
[19117700ms] [ERROR] Failed to load resource: net::ERR_CONNECTION_CLOSED @ https://cdn.growthbook.io/sub/sdk-ixbmZEKujCQRKUxc:0
[19120702ms] [WARNING] The resource https://render.com/docs/troubleshooting-deploys.md was preloaded using link preload but not used within a few seconds from the window's load event. Please make sure it has an appropriate `as` value and it is preloaded intentionally. @ https://render.com/docs/troubleshooting-deploys:0
[19407604ms] [WARNING] The resource https://render.com/docs/troubleshooting-deploys.md was preloaded using link preload but not used within a few seconds from the window's load event. Please make sure it has an appropriate `as` value and it is preloaded intentionally. @ https://render.com/docs/troubleshooting-deploys:0
[19417613ms] [WARNING] The resource https://render.com/docs/troubleshooting-deploys.md was preloaded using link preload but not used within a few seconds from the window's load event. Please make sure it has an appropriate `as` value and it is preloaded intentionally. @ https://render.com/docs/troubleshooting-deploys:0
[19683103ms] [WARNING] The resource https://render.com/docs/troubleshooting-deploys.md was preloaded using link preload but not used within a few seconds from the window's load event. Please make sure it has an appropriate `as` value and it is preloaded intentionally. @ https://render.com/docs/troubleshooting-deploys:0
[19717607ms] [WARNING] The resource https://render.com/docs/troubleshooting-deploys.md was preloaded using link preload but not used within a few seconds from the window's load event. Please make sure it has an appropriate `as` value and it is preloaded intentionally. @ https://render.com/docs/troubleshooting-deploys:0
[19993214ms] [WARNING] The resource https://render.com/docs/troubleshooting-deploys.md was preloaded using link preload but not used within a few seconds from the window's load event. Please make sure it has an appropriate `as` value and it is preloaded intentionally. @ https://render.com/docs/troubleshooting-deploys:0
[20017580ms] [WARNING] The resource https://render.com/docs/troubleshooting-deploys.md was preloaded using link preload but not used within a few seconds from the window's load event. Please make sure it has an appropriate `as` value and it is preloaded intentionally. @ https://render.com/docs/troubleshooting-deploys:0
[20298491ms] [WARNING] The resource https://render.com/docs/troubleshooting-deploys.md was preloaded using link preload but not used within a few seconds from the window's load event. Please make sure it has an appropriate `as` value and it is preloaded intentionally. @ https://render.com/docs/troubleshooting-deploys:0
[20317558ms] [WARNING] The resource https://render.com/docs/troubleshooting-deploys.md was preloaded using link preload but not used within a few seconds from the window's load event. Please make sure it has an appropriate `as` value and it is preloaded intentionally. @ https://render.com/docs/troubleshooting-deploys:0
[20580210ms] [WARNING] The resource https://render.com/docs/troubleshooting-deploys.md was preloaded using link preload but not used within a few seconds from the window's load event. Please make sure it has an appropriate `as` value and it is preloaded intentionally. @ https://render.com/docs/troubleshooting-deploys:0
[20617546ms] [WARNING] The resource https://render.com/docs/troubleshooting-deploys.md was preloaded using link preload but not used within a few seconds from the window's load event. Please make sure it has an appropriate `as` value and it is preloaded intentionally. @ https://render.com/docs/troubleshooting-deploys:0
[20884871ms] [WARNING] The resource https://render.com/docs/troubleshooting-deploys.md was preloaded using link preload but not used within a few seconds from the window's load event. Please make sure it has an appropriate `as` value and it is preloaded intentionally. @ https://render.com/docs/troubleshooting-deploys:0
[20917516ms] [WARNING] The resource https://render.com/docs/troubleshooting-deploys.md was preloaded using link preload but not used within a few seconds from the window's load event. Please make sure it has an appropriate `as` value and it is preloaded intentionally. @ https://render.com/docs/troubleshooting-deploys:0
[21194956ms] [WARNING] The resource https://render.com/docs/troubleshooting-deploys.md was preloaded using link preload but not used within a few seconds from the window's load event. Please make sure it has an appropriate `as` value and it is preloaded intentionally. @ https://render.com/docs/troubleshooting-deploys:0
[21217491ms] [WARNING] The resource https://render.com/docs/troubleshooting-deploys.md was preloaded using link preload but not used within a few seconds from the window's load event. Please make sure it has an appropriate `as` value and it is preloaded intentionally. @ https://render.com/docs/troubleshooting-deploys:0
[21505014ms] [WARNING] The resource https://render.com/docs/troubleshooting-deploys.md was preloaded using link preload but not used within a few seconds from the window's load event. Please make sure it has an appropriate `as` value and it is preloaded intentionally. @ https://render.com/docs/troubleshooting-deploys:0
[21517492ms] [WARNING] The resource https://render.com/docs/troubleshooting-deploys.md was preloaded using link preload but not used within a few seconds from the window's load event. Please make sure it has an appropriate `as` value and it is preloaded intentionally. @ https://render.com/docs/troubleshooting-deploys:0
[21812542ms] [WARNING] The resource https://render.com/docs/troubleshooting-deploys.md was preloaded using link preload but not used within a few seconds from the window's load event. Please make sure it has an appropriate `as` value and it is preloaded intentionally. @ https://render.com/docs/troubleshooting-deploys:0
[21817465ms] [WARNING] The resource https://render.com/docs/troubleshooting-deploys.md was preloaded using link preload but not used within a few seconds from the window's load event. Please make sure it has an appropriate `as` value and it is preloaded intentionally. @ https://render.com/docs/troubleshooting-deploys:0
[22118094ms] [WARNING] The resource https://render.com/docs/troubleshooting-deploys.md was preloaded using link preload but not used within a few seconds from the window's load event. Please make sure it has an appropriate `as` value and it is preloaded intentionally. @ https://render.com/docs/troubleshooting-deploys:0
[22395936ms] [WARNING] The resource https://render.com/docs/troubleshooting-deploys.md was preloaded using link preload but not used within a few seconds from the window's load event. Please make sure it has an appropriate `as` value and it is preloaded intentionally. @ https://render.com/docs/troubleshooting-deploys:0
[22417460ms] [WARNING] The resource https://render.com/docs/troubleshooting-deploys.md was preloaded using link preload but not used within a few seconds from the window's load event. Please make sure it has an appropriate `as` value and it is preloaded intentionally. @ https://render.com/docs/troubleshooting-deploys:0
[22705982ms] [WARNING] The resource https://render.com/docs/troubleshooting-deploys.md was preloaded using link preload but not used within a few seconds from the window's load event. Please make sure it has an appropriate `as` value and it is preloaded intentionally. @ https://render.com/docs/troubleshooting-deploys:0
[23318923ms] [WARNING] The resource https://render.com/docs/troubleshooting-deploys.md was preloaded using link preload but not used within a few seconds from the window's load event. Please make sure it has an appropriate `as` value and it is preloaded intentionally. @ https://render.com/docs/troubleshooting-deploys:0
[24393883ms] [ERROR] Failed to load resource: net::ERR_CONNECTION_CLOSED @ https://cdn.growthbook.io/sub/sdk-ixbmZEKujCQRKUxc:0
[24396886ms] [WARNING] The resource https://render.com/docs/troubleshooting-deploys.md was preloaded using link preload but not used within a few seconds from the window's load event. Please make sure it has an appropriate `as` value and it is preloaded intentionally. @ https://render.com/docs/troubleshooting-deploys:0
[25346934ms] [ERROR] Failed to load resource: net::ERR_CONNECTION_CLOSED @ https://cdn.growthbook.io/sub/sdk-ixbmZEKujCQRKUxc:0
[25349937ms] [WARNING] The resource https://render.com/docs/troubleshooting-deploys.md was preloaded using link preload but not used within a few seconds from the window's load event. Please make sure it has an appropriate `as` value and it is preloaded intentionally. @ https://render.com/docs/troubleshooting-deploys:0
[26395510ms] [ERROR] Failed to load resource: net::ERR_CONNECTION_CLOSED @ https://cdn.growthbook.io/sub/sdk-ixbmZEKujCQRKUxc:0
[26398513ms] [WARNING] The resource https://render.com/docs/troubleshooting-deploys.md was preloaded using link preload but not used within a few seconds from the window's load event. Please make sure it has an appropriate `as` value and it is preloaded intentionally. @ https://render.com/docs/troubleshooting-deploys:0
[26474664ms] [WARNING] The resource https://render.com/docs/troubleshooting-deploys.md was preloaded using link preload but not used within a few seconds from the window's load event. Please make sure it has an appropriate `as` value and it is preloaded intentionally. @ https://render.com/docs/troubleshooting-deploys:0
[26705803ms] [WARNING] The resource https://render.com/docs/troubleshooting-deploys.md was preloaded using link preload but not used within a few seconds from the window's load event. Please make sure it has an appropriate `as` value and it is preloaded intentionally. @ https://render.com/docs/troubleshooting-deploys:0
[27037414ms] [WARNING] The resource https://render.com/docs/troubleshooting-deploys.md was preloaded using link preload but not used within a few seconds from the window's load event. Please make sure it has an appropriate `as` value and it is preloaded intentionally. @ https://render.com/docs/troubleshooting-deploys:0
[27262382ms] [WARNING] The resource https://render.com/docs/troubleshooting-deploys.md was preloaded using link preload but not used within a few seconds from the window's load event. Please make sure it has an appropriate `as` value and it is preloaded intentionally. @ https://render.com/docs/troubleshooting-deploys:0
[27337428ms] [WARNING] The resource https://render.com/docs/troubleshooting-deploys.md was preloaded using link preload but not used within a few seconds from the window's load event. Please make sure it has an appropriate `as` value and it is preloaded intentionally. @ https://render.com/docs/troubleshooting-deploys:0
[27571519ms] [WARNING] The resource https://render.com/docs/troubleshooting-deploys.md was preloaded using link preload but not used within a few seconds from the window's load event. Please make sure it has an appropriate `as` value and it is preloaded intentionally. @ https://render.com/docs/troubleshooting-deploys:0
[27637401ms] [WARNING] The resource https://render.com/docs/troubleshooting-deploys.md was preloaded using link preload but not used within a few seconds from the window's load event. Please make sure it has an appropriate `as` value and it is preloaded intentionally. @ https://render.com/docs/troubleshooting-deploys:0
[27881487ms] [WARNING] The resource https://render.com/docs/troubleshooting-deploys.md was preloaded using link preload but not used within a few seconds from the window's load event. Please make sure it has an appropriate `as` value and it is preloaded intentionally. @ https://render.com/docs/troubleshooting-deploys:0
[27937446ms] [WARNING] The resource https://render.com/docs/troubleshooting-deploys.md was preloaded using link preload but not used within a few seconds from the window's load event. Please make sure it has an appropriate `as` value and it is preloaded intentionally. @ https://render.com/docs/troubleshooting-deploys:0
[28188172ms] [WARNING] The resource https://render.com/docs/troubleshooting-deploys.md was preloaded using link preload but not used within a few seconds from the window's load event. Please make sure it has an appropriate `as` value and it is preloaded intentionally. @ https://render.com/docs/troubleshooting-deploys:0
[28237412ms] [WARNING] The resource https://render.com/docs/troubleshooting-deploys.md was preloaded using link preload but not used within a few seconds from the window's load event. Please make sure it has an appropriate `as` value and it is preloaded intentionally. @ https://render.com/docs/troubleshooting-deploys:0
[28497640ms] [WARNING] The resource https://render.com/docs/troubleshooting-deploys.md was preloaded using link preload but not used within a few seconds from the window's load event. Please make sure it has an appropriate `as` value and it is preloaded intentionally. @ https://render.com/docs/troubleshooting-deploys:0
[28537371ms] [WARNING] The resource https://render.com/docs/troubleshooting-deploys.md was preloaded using link preload but not used within a few seconds from the window's load event. Please make sure it has an appropriate `as` value and it is preloaded intentionally. @ https://render.com/docs/troubleshooting-deploys:0
[28807836ms] [WARNING] The resource https://render.com/docs/troubleshooting-deploys.md was preloaded using link preload but not used within a few seconds from the window's load event. Please make sure it has an appropriate `as` value and it is preloaded intentionally. @ https://render.com/docs/troubleshooting-deploys:0
[28837399ms] [WARNING] The resource https://render.com/docs/troubleshooting-deploys.md was preloaded using link preload but not used within a few seconds from the window's load event. Please make sure it has an appropriate `as` value and it is preloaded intentionally. @ https://render.com/docs/troubleshooting-deploys:0
[29086263ms] [WARNING] The resource https://render.com/docs/troubleshooting-deploys.md was preloaded using link preload but not used within a few seconds from the window's load event. Please make sure it has an appropriate `as` value and it is preloaded intentionally. @ https://render.com/docs/troubleshooting-deploys:0
[29137358ms] [WARNING] The resource https://render.com/docs/troubleshooting-deploys.md was preloaded using link preload but not used within a few seconds from the window's load event. Please make sure it has an appropriate `as` value and it is preloaded intentionally. @ https://render.com/docs/troubleshooting-deploys:0
[29393958ms] [WARNING] The resource https://render.com/docs/troubleshooting-deploys.md was preloaded using link preload but not used within a few seconds from the window's load event. Please make sure it has an appropriate `as` value and it is preloaded intentionally. @ https://render.com/docs/troubleshooting-deploys:0
[29437345ms] [WARNING] The resource https://render.com/docs/troubleshooting-deploys.md was preloaded using link preload but not used within a few seconds from the window's load event. Please make sure it has an appropriate `as` value and it is preloaded intentionally. @ https://render.com/docs/troubleshooting-deploys:0
[29700524ms] [WARNING] The resource https://render.com/docs/troubleshooting-deploys.md was preloaded using link preload but not used within a few seconds from the window's load event. Please make sure it has an appropriate `as` value and it is preloaded intentionally. @ https://render.com/docs/troubleshooting-deploys:0
[29737344ms] [WARNING] The resource https://render.com/docs/troubleshooting-deploys.md was preloaded using link preload but not used within a few seconds from the window's load event. Please make sure it has an appropriate `as` value and it is preloaded intentionally. @ https://render.com/docs/troubleshooting-deploys:0
[29973047ms] [WARNING] The resource https://render.com/docs/troubleshooting-deploys.md was preloaded using link preload but not used within a few seconds from the window's load event. Please make sure it has an appropriate `as` value and it is preloaded intentionally. @ https://render.com/docs/troubleshooting-deploys:0
[30037309ms] [WARNING] The resource https://render.com/docs/troubleshooting-deploys.md was preloaded using link preload but not used within a few seconds from the window's load event. Please make sure it has an appropriate `as` value and it is preloaded intentionally. @ https://render.com/docs/troubleshooting-deploys:0
[30283098ms] [WARNING] The resource https://render.com/docs/troubleshooting-deploys.md was preloaded using link preload but not used within a few seconds from the window's load event. Please make sure it has an appropriate `as` value and it is preloaded intentionally. @ https://render.com/docs/troubleshooting-deploys:0
[30337308ms] [WARNING] The resource https://render.com/docs/troubleshooting-deploys.md was preloaded using link preload but not used within a few seconds from the window's load event. Please make sure it has an appropriate `as` value and it is preloaded intentionally. @ https://render.com/docs/troubleshooting-deploys:0
[30586717ms] [WARNING] The resource https://render.com/docs/troubleshooting-deploys.md was preloaded using link preload but not used within a few seconds from the window's load event. Please make sure it has an appropriate `as` value and it is preloaded intentionally. @ https://render.com/docs/troubleshooting-deploys:0
[30637278ms] [WARNING] The resource https://render.com/docs/troubleshooting-deploys.md was preloaded using link preload but not used within a few seconds from the window's load event. Please make sure it has an appropriate `as` value and it is preloaded intentionally. @ https://render.com/docs/troubleshooting-deploys:0
[30890698ms] [WARNING] The resource https://render.com/docs/troubleshooting-deploys.md was preloaded using link preload but not used within a few seconds from the window's load event. Please make sure it has an appropriate `as` value and it is preloaded intentionally. @ https://render.com/docs/troubleshooting-deploys:0
[30937287ms] [WARNING] The resource https://render.com/docs/troubleshooting-deploys.md was preloaded using link preload but not used within a few seconds from the window's load event. Please make sure it has an appropriate `as` value and it is preloaded intentionally. @ https://render.com/docs/troubleshooting-deploys:0
[31200622ms] [WARNING] The resource https://render.com/docs/troubleshooting-deploys.md was preloaded using link preload but not used within a few seconds from the window's load event. Please make sure it has an appropriate `as` value and it is preloaded intentionally. @ https://render.com/docs/troubleshooting-deploys:0
[31237254ms] [WARNING] The resource https://render.com/docs/troubleshooting-deploys.md was preloaded using link preload but not used within a few seconds from the window's load event. Please make sure it has an appropriate `as` value and it is preloaded intentionally. @ https://render.com/docs/troubleshooting-deploys:0
[31503617ms] [WARNING] The resource https://render.com/docs/troubleshooting-deploys.md was preloaded using link preload but not used within a few seconds from the window's load event. Please make sure it has an appropriate `as` value and it is preloaded intentionally. @ https://render.com/docs/troubleshooting-deploys:0
[31537242ms] [WARNING] The resource https://render.com/docs/troubleshooting-deploys.md was preloaded using link preload but not used within a few seconds from the window's load event. Please make sure it has an appropriate `as` value and it is preloaded intentionally. @ https://render.com/docs/troubleshooting-deploys:0
[31806308ms] [WARNING] The resource https://render.com/docs/troubleshooting-deploys.md was preloaded using link preload but not used within a few seconds from the window's load event. Please make sure it has an appropriate `as` value and it is preloaded intentionally. @ https://render.com/docs/troubleshooting-deploys:0
[31837225ms] [WARNING] The resource https://render.com/docs/troubleshooting-deploys.md was preloaded using link preload but not used within a few seconds from the window's load event. Please make sure it has an appropriate `as` value and it is preloaded intentionally. @ https://render.com/docs/troubleshooting-deploys:0
[32111490ms] [WARNING] The resource https://render.com/docs/troubleshooting-deploys.md was preloaded using link preload but not used within a few seconds from the window's load event. Please make sure it has an appropriate `as` value and it is preloaded intentionally. @ https://render.com/docs/troubleshooting-deploys:0
[32137588ms] [WARNING] The resource https://render.com/docs/troubleshooting-deploys.md was preloaded using link preload but not used within a few seconds from the window's load event. Please make sure it has an appropriate `as` value and it is preloaded intentionally. @ https://render.com/docs/troubleshooting-deploys:0
[32418423ms] [WARNING] The resource https://render.com/docs/troubleshooting-deploys.md was preloaded using link preload but not used within a few seconds from the window's load event. Please make sure it has an appropriate `as` value and it is preloaded intentionally. @ https://render.com/docs/troubleshooting-deploys:0
[32437184ms] [WARNING] The resource https://render.com/docs/troubleshooting-deploys.md was preloaded using link preload but not used within a few seconds from the window's load event. Please make sure it has an appropriate `as` value and it is preloaded intentionally. @ https://render.com/docs/troubleshooting-deploys:0
[32723028ms] [WARNING] The resource https://render.com/docs/troubleshooting-deploys.md was preloaded using link preload but not used within a few seconds from the window's load event. Please make sure it has an appropriate `as` value and it is preloaded intentionally. @ https://render.com/docs/troubleshooting-deploys:0
[32737181ms] [WARNING] The resource https://render.com/docs/troubleshooting-deploys.md was preloaded using link preload but not used within a few seconds from the window's load event. Please make sure it has an appropriate `as` value and it is preloaded intentionally. @ https://render.com/docs/troubleshooting-deploys:0
[33033136ms] [WARNING] The resource https://render.com/docs/troubleshooting-deploys.md was preloaded using link preload but not used within a few seconds from the window's load event. Please make sure it has an appropriate `as` value and it is preloaded intentionally. @ https://render.com/docs/troubleshooting-deploys:0
[33037167ms] [WARNING] The resource https://render.com/docs/troubleshooting-deploys.md was preloaded using link preload but not used within a few seconds from the window's load event. Please make sure it has an appropriate `as` value and it is preloaded intentionally. @ https://render.com/docs/troubleshooting-deploys:0
[33337768ms] [WARNING] The resource https://render.com/docs/troubleshooting-deploys.md was preloaded using link preload but not used within a few seconds from the window's load event. Please make sure it has an appropriate `as` value and it is preloaded intentionally. @ https://render.com/docs/troubleshooting-deploys:0
[33637126ms] [WARNING] The resource https://render.com/docs/troubleshooting-deploys.md was preloaded using link preload but not used within a few seconds from the window's load event. Please make sure it has an appropriate `as` value and it is preloaded intentionally. @ https://render.com/docs/troubleshooting-deploys:0
[33643241ms] [WARNING] The resource https://render.com/docs/troubleshooting-deploys.md was preloaded using link preload but not used within a few seconds from the window's load event. Please make sure it has an appropriate `as` value and it is preloaded intentionally. @ https://render.com/docs/troubleshooting-deploys:0
[33937160ms] [WARNING] The resource https://render.com/docs/troubleshooting-deploys.md was preloaded using link preload but not used within a few seconds from the window's load event. Please make sure it has an appropriate `as` value and it is preloaded intentionally. @ https://render.com/docs/troubleshooting-deploys:0
[33950288ms] [WARNING] The resource https://render.com/docs/troubleshooting-deploys.md was preloaded using link preload but not used within a few seconds from the window's load event. Please make sure it has an appropriate `as` value and it is preloaded intentionally. @ https://render.com/docs/troubleshooting-deploys:0
[34896591ms] [ERROR] Failed to load resource: net::ERR_NETWORK_IO_SUSPENDED @ https://cdn.growthbook.io/sub/sdk-ixbmZEKujCQRKUxc:0
[34899595ms] [WARNING] The resource https://render.com/docs/troubleshooting-deploys.md was preloaded using link preload but not used within a few seconds from the window's load event. Please make sure it has an appropriate `as` value and it is preloaded intentionally. @ https://render.com/docs/troubleshooting-deploys:0
[34917432ms] [WARNING] The resource https://render.com/docs/troubleshooting-deploys.md was preloaded using link preload but not used within a few seconds from the window's load event. Please make sure it has an appropriate `as` value and it is preloaded intentionally. @ https://render.com/docs/troubleshooting-deploys:0
[36089738ms] [ERROR] Failed to load resource: net::ERR_CONNECTION_CLOSED @ https://cdn.growthbook.io/sub/sdk-ixbmZEKujCQRKUxc:0
[36092743ms] [WARNING] The resource https://render.com/docs/troubleshooting-deploys.md was preloaded using link preload but not used within a few seconds from the window's load event. Please make sure it has an appropriate `as` value and it is preloaded intentionally. @ https://render.com/docs/troubleshooting-deploys:0
[37065901ms] [ERROR] Failed to load resource: net::ERR_CONNECTION_CLOSED @ https://cdn.growthbook.io/sub/sdk-ixbmZEKujCQRKUxc:0
[37068904ms] [WARNING] The resource https://render.com/docs/troubleshooting-deploys.md was preloaded using link preload but not used within a few seconds from the window's load event. Please make sure it has an appropriate `as` value and it is preloaded intentionally. @ https://render.com/docs/troubleshooting-deploys:0
[38170853ms] [WARNING] The resource https://render.com/docs/troubleshooting-deploys.md was preloaded using link preload but not used within a few seconds from the window's load event. Please make sure it has an appropriate `as` value and it is preloaded intentionally. @ https://render.com/docs/troubleshooting-deploys:0
[38313726ms] [WARNING] The resource https://render.com/docs/troubleshooting-deploys.md was preloaded using link preload but not used within a few seconds from the window's load event. Please make sure it has an appropriate `as` value and it is preloaded intentionally. @ https://render.com/docs/troubleshooting-deploys:0
[38470803ms] [WARNING] The resource https://render.com/docs/troubleshooting-deploys.md was preloaded using link preload but not used within a few seconds from the window's load event. Please make sure it has an appropriate `as` value and it is preloaded intentionally. @ https://render.com/docs/troubleshooting-deploys:0
[38624200ms] [WARNING] The resource https://render.com/docs/troubleshooting-deploys.md was preloaded using link preload but not used within a few seconds from the window's load event. Please make sure it has an appropriate `as` value and it is preloaded intentionally. @ https://render.com/docs/troubleshooting-deploys:0
[38770822ms] [WARNING] The resource https://render.com/docs/troubleshooting-deploys.md was preloaded using link preload but not used within a few seconds from the window's load event. Please make sure it has an appropriate `as` value and it is preloaded intentionally. @ https://render.com/docs/troubleshooting-deploys:0
[38928946ms] [WARNING] The resource https://render.com/docs/troubleshooting-deploys.md was preloaded using link preload but not used within a few seconds from the window's load event. Please make sure it has an appropriate `as` value and it is preloaded intentionally. @ https://render.com/docs/troubleshooting-deploys:0
[39070796ms] [WARNING] The resource https://render.com/docs/troubleshooting-deploys.md was preloaded using link preload but not used within a few seconds from the window's load event. Please make sure it has an appropriate `as` value and it is preloaded intentionally. @ https://render.com/docs/troubleshooting-deploys:0
[39233894ms] [WARNING] The resource https://render.com/docs/troubleshooting-deploys.md was preloaded using link preload but not used within a few seconds from the window's load event. Please make sure it has an appropriate `as` value and it is preloaded intentionally. @ https://render.com/docs/troubleshooting-deploys:0
[39370804ms] [WARNING] The resource https://render.com/docs/troubleshooting-deploys.md was preloaded using link preload but not used within a few seconds from the window's load event. Please make sure it has an appropriate `as` value and it is preloaded intentionally. @ https://render.com/docs/troubleshooting-deploys:0
[39543359ms] [WARNING] The resource https://render.com/docs/troubleshooting-deploys.md was preloaded using link preload but not used within a few seconds from the window's load event. Please make sure it has an appropriate `as` value and it is preloaded intentionally. @ https://render.com/docs/troubleshooting-deploys:0
[39670787ms] [WARNING] The resource https://render.com/docs/troubleshooting-deploys.md was preloaded using link preload but not used within a few seconds from the window's load event. Please make sure it has an appropriate `as` value and it is preloaded intentionally. @ https://render.com/docs/troubleshooting-deploys:0
[39816265ms] [WARNING] The resource https://render.com/docs/troubleshooting-deploys.md was preloaded using link preload but not used within a few seconds from the window's load event. Please make sure it has an appropriate `as` value and it is preloaded intentionally. @ https://render.com/docs/troubleshooting-deploys:0
[39970793ms] [WARNING] The resource https://render.com/docs/troubleshooting-deploys.md was preloaded using link preload but not used within a few seconds from the window's load event. Please make sure it has an appropriate `as` value and it is preloaded intentionally. @ https://render.com/docs/troubleshooting-deploys:0
[40119211ms] [WARNING] The resource https://render.com/docs/troubleshooting-deploys.md was preloaded using link preload but not used within a few seconds from the window's load event. Please make sure it has an appropriate `as` value and it is preloaded intentionally. @ https://render.com/docs/troubleshooting-deploys:0
[40270776ms] [WARNING] The resource https://render.com/docs/troubleshooting-deploys.md was preloaded using link preload but not used within a few seconds from the window's load event. Please make sure it has an appropriate `as` value and it is preloaded intentionally. @ https://render.com/docs/troubleshooting-deploys:0
[40427120ms] [WARNING] The resource https://render.com/docs/troubleshooting-deploys.md was preloaded using link preload but not used within a few seconds from the window's load event. Please make sure it has an appropriate `as` value and it is preloaded intentionally. @ https://render.com/docs/troubleshooting-deploys:0
[40570744ms] [WARNING] The resource https://render.com/docs/troubleshooting-deploys.md was preloaded using link preload but not used within a few seconds from the window's load event. Please make sure it has an appropriate `as` value and it is preloaded intentionally. @ https://render.com/docs/troubleshooting-deploys:0
[40734599ms] [WARNING] The resource https://render.com/docs/troubleshooting-deploys.md was preloaded using link preload but not used within a few seconds from the window's load event. Please make sure it has an appropriate `as` value and it is preloaded intentionally. @ https://render.com/docs/troubleshooting-deploys:0
[40870755ms] [WARNING] The resource https://render.com/docs/troubleshooting-deploys.md was preloaded using link preload but not used within a few seconds from the window's load event. Please make sure it has an appropriate `as` value and it is preloaded intentionally. @ https://render.com/docs/troubleshooting-deploys:0
[41045992ms] [WARNING] The resource https://render.com/docs/troubleshooting-deploys.md was preloaded using link preload but not used within a few seconds from the window's load event. Please make sure it has an appropriate `as` value and it is preloaded intentionally. @ https://render.com/docs/troubleshooting-deploys:0
[41170743ms] [WARNING] The resource https://render.com/docs/troubleshooting-deploys.md was preloaded using link preload but not used within a few seconds from the window's load event. Please make sure it has an appropriate `as` value and it is preloaded intentionally. @ https://render.com/docs/troubleshooting-deploys:0
[41322978ms] [WARNING] The resource https://render.com/docs/troubleshooting-deploys.md was preloaded using link preload but not used within a few seconds from the window's load event. Please make sure it has an appropriate `as` value and it is preloaded intentionally. @ https://render.com/docs/troubleshooting-deploys:0
[41470711ms] [WARNING] The resource https://render.com/docs/troubleshooting-deploys.md was preloaded using link preload but not used within a few seconds from the window's load event. Please make sure it has an appropriate `as` value and it is preloaded intentionally. @ https://render.com/docs/troubleshooting-deploys:0
[41632024ms] [WARNING] The resource https://render.com/docs/troubleshooting-deploys.md was preloaded using link preload but not used within a few seconds from the window's load event. Please make sure it has an appropriate `as` value and it is preloaded intentionally. @ https://render.com/docs/troubleshooting-deploys:0
[42193195ms] [ERROR] Failed to load resource: net::ERR_CONNECTION_CLOSED @ https://cdn.growthbook.io/sub/sdk-ixbmZEKujCQRKUxc:0
[42196197ms] [WARNING] The resource https://render.com/docs/troubleshooting-deploys.md was preloaded using link preload but not used within a few seconds from the window's load event. Please make sure it has an appropriate `as` value and it is preloaded intentionally. @ https://render.com/docs/troubleshooting-deploys:0
[43282000ms] [ERROR] Failed to load resource: net::ERR_CONNECTION_CLOSED @ https://cdn.growthbook.io/sub/sdk-ixbmZEKujCQRKUxc:0
[43285001ms] [WARNING] The resource https://render.com/docs/troubleshooting-deploys.md was preloaded using link preload but not used within a few seconds from the window's load event. Please make sure it has an appropriate `as` value and it is preloaded intentionally. @ https://render.com/docs/troubleshooting-deploys:0
[44305106ms] [WARNING] The resource https://render.com/docs/troubleshooting-deploys.md was preloaded using link preload but not used within a few seconds from the window's load event. Please make sure it has an appropriate `as` value and it is preloaded intentionally. @ https://render.com/docs/troubleshooting-deploys:0
[45390873ms] [ERROR] Failed to load resource: net::ERR_CONNECTION_CLOSED @ https://cdn.growthbook.io/sub/sdk-ixbmZEKujCQRKUxc:0
[45393878ms] [WARNING] The resource https://render.com/docs/troubleshooting-deploys.md was preloaded using link preload but not used within a few seconds from the window's load event. Please make sure it has an appropriate `as` value and it is preloaded intentionally. @ https://render.com/docs/troubleshooting-deploys:0
[45863653ms] [WARNING] The resource https://render.com/docs/troubleshooting-deploys.md was preloaded using link preload but not used within a few seconds from the window's load event. Please make sure it has an appropriate `as` value and it is preloaded intentionally. @ https://render.com/docs/troubleshooting-deploys:0
[47879945ms] [ERROR] Failed to load resource: net::ERR_CONNECTION_CLOSED @ https://cdn.growthbook.io/sub/sdk-ixbmZEKujCQRKUxc:0
[47882948ms] [WARNING] The resource https://render.com/docs/troubleshooting-deploys.md was preloaded using link preload but not used within a few seconds from the window's load event. Please make sure it has an appropriate `as` value and it is preloaded intentionally. @ https://render.com/docs/troubleshooting-deploys:0
[47990462ms] [WARNING] The resource https://render.com/docs/troubleshooting-deploys.md was preloaded using link preload but not used within a few seconds from the window's load event. Please make sure it has an appropriate `as` value and it is preloaded intentionally. @ https://render.com/docs/troubleshooting-deploys:0
[48175771ms] [WARNING] The resource https://render.com/docs/troubleshooting-deploys.md was preloaded using link preload but not used within a few seconds from the window's load event. Please make sure it has an appropriate `as` value and it is preloaded intentionally. @ https://render.com/docs/troubleshooting-deploys:0
[48290472ms] [WARNING] The resource https://render.com/docs/troubleshooting-deploys.md was preloaded using link preload but not used within a few seconds from the window's load event. Please make sure it has an appropriate `as` value and it is preloaded intentionally. @ https://render.com/docs/troubleshooting-deploys:0
[48478608ms] [WARNING] The resource https://render.com/docs/troubleshooting-deploys.md was preloaded using link preload but not used within a few seconds from the window's load event. Please make sure it has an appropriate `as` value and it is preloaded intentionally. @ https://render.com/docs/troubleshooting-deploys:0
[48590439ms] [WARNING] The resource https://render.com/docs/troubleshooting-deploys.md was preloaded using link preload but not used within a few seconds from the window's load event. Please make sure it has an appropriate `as` value and it is preloaded intentionally. @ https://render.com/docs/troubleshooting-deploys:0
[48784569ms] [WARNING] The resource https://render.com/docs/troubleshooting-deploys.md was preloaded using link preload but not used within a few seconds from the window's load event. Please make sure it has an appropriate `as` value and it is preloaded intentionally. @ https://render.com/docs/troubleshooting-deploys:0
[48890424ms] [WARNING] The resource https://render.com/docs/troubleshooting-deploys.md was preloaded using link preload but not used within a few seconds from the window's load event. Please make sure it has an appropriate `as` value and it is preloaded intentionally. @ https://render.com/docs/troubleshooting-deploys:0
[49091963ms] [WARNING] The resource https://render.com/docs/troubleshooting-deploys.md was preloaded using link preload but not used within a few seconds from the window's load event. Please make sure it has an appropriate `as` value and it is preloaded intentionally. @ https://render.com/docs/troubleshooting-deploys:0
[49190423ms] [WARNING] The resource https://render.com/docs/troubleshooting-deploys.md was preloaded using link preload but not used within a few seconds from the window's load event. Please make sure it has an appropriate `as` value and it is preloaded intentionally. @ https://render.com/docs/troubleshooting-deploys:0
[49402088ms] [WARNING] The resource https://render.com/docs/troubleshooting-deploys.md was preloaded using link preload but not used within a few seconds from the window's load event. Please make sure it has an appropriate `as` value and it is preloaded intentionally. @ https://render.com/docs/troubleshooting-deploys:0
[49490414ms] [WARNING] The resource https://render.com/docs/troubleshooting-deploys.md was preloaded using link preload but not used within a few seconds from the window's load event. Please make sure it has an appropriate `as` value and it is preloaded intentionally. @ https://render.com/docs/troubleshooting-deploys:0
[49709611ms] [WARNING] The resource https://render.com/docs/troubleshooting-deploys.md was preloaded using link preload but not used within a few seconds from the window's load event. Please make sure it has an appropriate `as` value and it is preloaded intentionally. @ https://render.com/docs/troubleshooting-deploys:0
[49790384ms] [WARNING] The resource https://render.com/docs/troubleshooting-deploys.md was preloaded using link preload but not used within a few seconds from the window's load event. Please make sure it has an appropriate `as` value and it is preloaded intentionally. @ https://render.com/docs/troubleshooting-deploys:0
[49993097ms] [WARNING] The resource https://render.com/docs/troubleshooting-deploys.md was preloaded using link preload but not used within a few seconds from the window's load event. Please make sure it has an appropriate `as` value and it is preloaded intentionally. @ https://render.com/docs/troubleshooting-deploys:0
[50090378ms] [WARNING] The resource https://render.com/docs/troubleshooting-deploys.md was preloaded using link preload but not used within a few seconds from the window's load event. Please make sure it has an appropriate `as` value and it is preloaded intentionally. @ https://render.com/docs/troubleshooting-deploys:0
[50300859ms] [WARNING] The resource https://render.com/docs/troubleshooting-deploys.md was preloaded using link preload but not used within a few seconds from the window's load event. Please make sure it has an appropriate `as` value and it is preloaded intentionally. @ https://render.com/docs/troubleshooting-deploys:0
[50390330ms] [WARNING] The resource https://render.com/docs/troubleshooting-deploys.md was preloaded using link preload but not used within a few seconds from the window's load event. Please make sure it has an appropriate `as` value and it is preloaded intentionally. @ https://render.com/docs/troubleshooting-deploys:0
[50608986ms] [WARNING] The resource https://render.com/docs/troubleshooting-deploys.md was preloaded using link preload but not used within a few seconds from the window's load event. Please make sure it has an appropriate `as` value and it is preloaded intentionally. @ https://render.com/docs/troubleshooting-deploys:0
[50690355ms] [WARNING] The resource https://render.com/docs/troubleshooting-deploys.md was preloaded using link preload but not used within a few seconds from the window's load event. Please make sure it has an appropriate `as` value and it is preloaded intentionally. @ https://render.com/docs/troubleshooting-deploys:0
[50919127ms] [WARNING] The resource https://render.com/docs/troubleshooting-deploys.md was preloaded using link preload but not used within a few seconds from the window's load event. Please make sure it has an appropriate `as` value and it is preloaded intentionally. @ https://render.com/docs/troubleshooting-deploys:0
[50990291ms] [WARNING] The resource https://render.com/docs/troubleshooting-deploys.md was preloaded using link preload but not used within a few seconds from the window's load event. Please make sure it has an appropriate `as` value and it is preloaded intentionally. @ https://render.com/docs/troubleshooting-deploys:0
[51224465ms] [WARNING] The resource https://render.com/docs/troubleshooting-deploys.md was preloaded using link preload but not used within a few seconds from the window's load event. Please make sure it has an appropriate `as` value and it is preloaded intentionally. @ https://render.com/docs/troubleshooting-deploys:0
[51290354ms] [WARNING] The resource https://render.com/docs/troubleshooting-deploys.md was preloaded using link preload but not used within a few seconds from the window's load event. Please make sure it has an appropriate `as` value and it is preloaded intentionally. @ https://render.com/docs/troubleshooting-deploys:0
[52435970ms] [ERROR] Failed to load resource: net::ERR_CONNECTION_CLOSED @ https://cdn.growthbook.io/sub/sdk-ixbmZEKujCQRKUxc:0
[52438972ms] [WARNING] The resource https://render.com/docs/troubleshooting-deploys.md was preloaded using link preload but not used within a few seconds from the window's load event. Please make sure it has an appropriate `as` value and it is preloaded intentionally. @ https://render.com/docs/troubleshooting-deploys:0
[53095680ms] [ERROR] Failed to load resource: net::ERR_CONNECTION_CLOSED @ https://cdn.growthbook.io/sub/sdk-ixbmZEKujCQRKUxc:0
[53098683ms] [WARNING] The resource https://render.com/docs/troubleshooting-deploys.md was preloaded using link preload but not used within a few seconds from the window's load event. Please make sure it has an appropriate `as` value and it is preloaded intentionally. @ https://render.com/docs/troubleshooting-deploys:0
[53113527ms] [WARNING] The resource https://render.com/docs/troubleshooting-deploys.md was preloaded using link preload but not used within a few seconds from the window's load event. Please make sure it has an appropriate `as` value and it is preloaded intentionally. @ https://render.com/docs/troubleshooting-deploys:0
[54180807ms] [ERROR] Failed to load resource: net::ERR_CONNECTION_CLOSED @ https://cdn.growthbook.io/sub/sdk-ixbmZEKujCQRKUxc:0
[54183809ms] [WARNING] The resource https://render.com/docs/troubleshooting-deploys.md was preloaded using link preload but not used within a few seconds from the window's load event. Please make sure it has an appropriate `as` value and it is preloaded intentionally. @ https://render.com/docs/troubleshooting-deploys:0
[55778884ms] [ERROR] Failed to load resource: net::ERR_CONNECTION_CLOSED @ https://cdn.growthbook.io/sub/sdk-ixbmZEKujCQRKUxc:0
[55781887ms] [WARNING] The resource https://render.com/docs/troubleshooting-deploys.md was preloaded using link preload but not used within a few seconds from the window's load event. Please make sure it has an appropriate `as` value and it is preloaded intentionally. @ https://render.com/docs/troubleshooting-deploys:0
[55957370ms] [WARNING] The resource https://render.com/docs/troubleshooting-deploys.md was preloaded using link preload but not used within a few seconds from the window's load event. Please make sure it has an appropriate `as` value and it is preloaded intentionally. @ https://render.com/docs/troubleshooting-deploys:0
[56071966ms] [WARNING] The resource https://render.com/docs/troubleshooting-deploys.md was preloaded using link preload but not used within a few seconds from the window's load event. Please make sure it has an appropriate `as` value and it is preloaded intentionally. @ https://render.com/docs/troubleshooting-deploys:0
[56257321ms] [WARNING] The resource https://render.com/docs/troubleshooting-deploys.md was preloaded using link preload but not used within a few seconds from the window's load event. Please make sure it has an appropriate `as` value and it is preloaded intentionally. @ https://render.com/docs/troubleshooting-deploys:0
[56380078ms] [WARNING] The resource https://render.com/docs/troubleshooting-deploys.md was preloaded using link preload but not used within a few seconds from the window's load event. Please make sure it has an appropriate `as` value and it is preloaded intentionally. @ https://render.com/docs/troubleshooting-deploys:0
[56557274ms] [WARNING] The resource https://render.com/docs/troubleshooting-deploys.md was preloaded using link preload but not used within a few seconds from the window's load event. Please make sure it has an appropriate `as` value and it is preloaded intentionally. @ https://render.com/docs/troubleshooting-deploys:0
[56690171ms] [WARNING] The resource https://render.com/docs/troubleshooting-deploys.md was preloaded using link preload but not used within a few seconds from the window's load event. Please make sure it has an appropriate `as` value and it is preloaded intentionally. @ https://render.com/docs/troubleshooting-deploys:0
[56857257ms] [WARNING] The resource https://render.com/docs/troubleshooting-deploys.md was preloaded using link preload but not used within a few seconds from the window's load event. Please make sure it has an appropriate `as` value and it is preloaded intentionally. @ https://render.com/docs/troubleshooting-deploys:0
[56996379ms] [WARNING] The resource https://render.com/docs/troubleshooting-deploys.md was preloaded using link preload but not used within a few seconds from the window's load event. Please make sure it has an appropriate `as` value and it is preloaded intentionally. @ https://render.com/docs/troubleshooting-deploys:0
[57157283ms] [WARNING] The resource https://render.com/docs/troubleshooting-deploys.md was preloaded using link preload but not used within a few seconds from the window's load event. Please make sure it has an appropriate `as` value and it is preloaded intentionally. @ https://render.com/docs/troubleshooting-deploys:0
[57306450ms] [WARNING] The resource https://render.com/docs/troubleshooting-deploys.md was preloaded using link preload but not used within a few seconds from the window's load event. Please make sure it has an appropriate `as` value and it is preloaded intentionally. @ https://render.com/docs/troubleshooting-deploys:0
[57457264ms] [WARNING] The resource https://render.com/docs/troubleshooting-deploys.md was preloaded using link preload but not used within a few seconds from the window's load event. Please make sure it has an appropriate `as` value and it is preloaded intentionally. @ https://render.com/docs/troubleshooting-deploys:0
[57614201ms] [WARNING] The resource https://render.com/docs/troubleshooting-deploys.md was preloaded using link preload but not used within a few seconds from the window's load event. Please make sure it has an appropriate `as` value and it is preloaded intentionally. @ https://render.com/docs/troubleshooting-deploys:0
[57757250ms] [WARNING] The resource https://render.com/docs/troubleshooting-deploys.md was preloaded using link preload but not used within a few seconds from the window's load event. Please make sure it has an appropriate `as` value and it is preloaded intentionally. @ https://render.com/docs/troubleshooting-deploys:0
[57923262ms] [WARNING] The resource https://render.com/docs/troubleshooting-deploys.md was preloaded using link preload but not used within a few seconds from the window's load event. Please make sure it has an appropriate `as` value and it is preloaded intentionally. @ https://render.com/docs/troubleshooting-deploys:0
[58057268ms] [WARNING] The resource https://render.com/docs/troubleshooting-deploys.md was preloaded using link preload but not used within a few seconds from the window's load event. Please make sure it has an appropriate `as` value and it is preloaded intentionally. @ https://render.com/docs/troubleshooting-deploys:0
[58233383ms] [WARNING] The resource https://render.com/docs/troubleshooting-deploys.md was preloaded using link preload but not used within a few seconds from the window's load event. Please make sure it has an appropriate `as` value and it is preloaded intentionally. @ https://render.com/docs/troubleshooting-deploys:0
[58357251ms] [WARNING] The resource https://render.com/docs/troubleshooting-deploys.md was preloaded using link preload but not used within a few seconds from the window's load event. Please make sure it has an appropriate `as` value and it is preloaded intentionally. @ https://render.com/docs/troubleshooting-deploys:0
[58514410ms] [WARNING] The resource https://render.com/docs/troubleshooting-deploys.md was preloaded using link preload but not used within a few seconds from the window's load event. Please make sure it has an appropriate `as` value and it is preloaded intentionally. @ https://render.com/docs/troubleshooting-deploys:0
[58657246ms] [WARNING] The resource https://render.com/docs/troubleshooting-deploys.md was preloaded using link preload but not used within a few seconds from the window's load event. Please make sure it has an appropriate `as` value and it is preloaded intentionally. @ https://render.com/docs/troubleshooting-deploys:0
[58822595ms] [WARNING] The resource https://render.com/docs/troubleshooting-deploys.md was preloaded using link preload but not used within a few seconds from the window's load event. Please make sure it has an appropriate `as` value and it is preloaded intentionally. @ https://render.com/docs/troubleshooting-deploys:0
[58957206ms] [WARNING] The resource https://render.com/docs/troubleshooting-deploys.md was preloaded using link preload but not used within a few seconds from the window's load event. Please make sure it has an appropriate `as` value and it is preloaded intentionally. @ https://render.com/docs/troubleshooting-deploys:0
[59130150ms] [WARNING] The resource https://render.com/docs/troubleshooting-deploys.md was preloaded using link preload but not used within a few seconds from the window's load event. Please make sure it has an appropriate `as` value and it is preloaded intentionally. @ https://render.com/docs/troubleshooting-deploys:0
[59257193ms] [WARNING] The resource https://render.com/docs/troubleshooting-deploys.md was preloaded using link preload but not used within a few seconds from the window's load event. Please make sure it has an appropriate `as` value and it is preloaded intentionally. @ https://render.com/docs/troubleshooting-deploys:0
[59404158ms] [WARNING] The resource https://render.com/docs/troubleshooting-deploys.md was preloaded using link preload but not used within a few seconds from the window's load event. Please make sure it has an appropriate `as` value and it is preloaded intentionally. @ https://render.com/docs/troubleshooting-deploys:0
[59557134ms] [WARNING] The resource https://render.com/docs/troubleshooting-deploys.md was preloaded using link preload but not used within a few seconds from the window's load event. Please make sure it has an appropriate `as` value and it is preloaded intentionally. @ https://render.com/docs/troubleshooting-deploys:0
[59714452ms] [WARNING] The resource https://render.com/docs/troubleshooting-deploys.md was preloaded using link preload but not used within a few seconds from the window's load event. Please make sure it has an appropriate `as` value and it is preloaded intentionally. @ https://render.com/docs/troubleshooting-deploys:0
[59857331ms] [WARNING] The resource https://render.com/docs/troubleshooting-deploys.md was preloaded using link preload but not used within a few seconds from the window's load event. Please make sure it has an appropriate `as` value and it is preloaded intentionally. @ https://render.com/docs/troubleshooting-deploys:0
[60021935ms] [WARNING] The resource https://render.com/docs/troubleshooting-deploys.md was preloaded using link preload but not used within a few seconds from the window's load event. Please make sure it has an appropriate `as` value and it is preloaded intentionally. @ https://render.com/docs/troubleshooting-deploys:0
[60157139ms] [WARNING] The resource https://render.com/docs/troubleshooting-deploys.md was preloaded using link preload but not used within a few seconds from the window's load event. Please make sure it has an appropriate `as` value and it is preloaded intentionally. @ https://render.com/docs/troubleshooting-deploys:0
[60333354ms] [WARNING] The resource https://render.com/docs/troubleshooting-deploys.md was preloaded using link preload but not used within a few seconds from the window's load event. Please make sure it has an appropriate `as` value and it is preloaded intentionally. @ https://render.com/docs/troubleshooting-deploys:0
[60457152ms] [WARNING] The resource https://render.com/docs/troubleshooting-deploys.md was preloaded using link preload but not used within a few seconds from the window's load event. Please make sure it has an appropriate `as` value and it is preloaded intentionally. @ https://render.com/docs/troubleshooting-deploys:0
[60643423ms] [WARNING] The resource https://render.com/docs/troubleshooting-deploys.md was preloaded using link preload but not used within a few seconds from the window's load event. Please make sure it has an appropriate `as` value and it is preloaded intentionally. @ https://render.com/docs/troubleshooting-deploys:0
[60757109ms] [WARNING] The resource https://render.com/docs/troubleshooting-deploys.md was preloaded using link preload but not used within a few seconds from the window's load event. Please make sure it has an appropriate `as` value and it is preloaded intentionally. @ https://render.com/docs/troubleshooting-deploys:0
[60951027ms] [WARNING] The resource https://render.com/docs/troubleshooting-deploys.md was preloaded using link preload but not used within a few seconds from the window's load event. Please make sure it has an appropriate `as` value and it is preloaded intentionally. @ https://render.com/docs/troubleshooting-deploys:0
[61057082ms] [WARNING] The resource https://render.com/docs/troubleshooting-deploys.md was preloaded using link preload but not used within a few seconds from the window's load event. Please make sure it has an appropriate `as` value and it is preloaded intentionally. @ https://render.com/docs/troubleshooting-deploys:0
[61260301ms] [WARNING] The resource https://render.com/docs/troubleshooting-deploys.md was preloaded using link preload but not used within a few seconds from the window's load event. Please make sure it has an appropriate `as` value and it is preloaded intentionally. @ https://render.com/docs/troubleshooting-deploys:0
[61357214ms] [WARNING] The resource https://render.com/docs/troubleshooting-deploys.md was preloaded using link preload but not used within a few seconds from the window's load event. Please make sure it has an appropriate `as` value and it is preloaded intentionally. @ https://render.com/docs/troubleshooting-deploys:0
[61380060ms] [ERROR] Failed to load resource: net::ERR_NETWORK_CHANGED @ https://cdn.growthbook.io/sub/sdk-ixbmZEKujCQRKUxc:0
[61383062ms] [WARNING] The resource https://render.com/docs/troubleshooting-deploys.md was preloaded using link preload but not used within a few seconds from the window's load event. Please make sure it has an appropriate `as` value and it is preloaded intentionally. @ https://render.com/docs/troubleshooting-deploys:0
[61415954ms] [ERROR] Failed to load resource: net::ERR_NETWORK_CHANGED @ https://cdn.growthbook.io/sub/sdk-ixbmZEKujCQRKUxc:0
[61418959ms] [WARNING] The resource https://render.com/docs/troubleshooting-deploys.md was preloaded using link preload but not used within a few seconds from the window's load event. Please make sure it has an appropriate `as` value and it is preloaded intentionally. @ https://render.com/docs/troubleshooting-deploys:0
[61427201ms] [ERROR] Failed to load resource: net::ERR_NETWORK_CHANGED @ https://cdn.growthbook.io/sub/sdk-ixbmZEKujCQRKUxc:0
[61430205ms] [WARNING] The resource https://render.com/docs/troubleshooting-deploys.md was preloaded using link preload but not used within a few seconds from the window's load event. Please make sure it has an appropriate `as` value and it is preloaded intentionally. @ https://render.com/docs/troubleshooting-deploys:0
[61445449ms] [ERROR] Failed to load resource: net::ERR_NETWORK_CHANGED @ https://cdn.growthbook.io/sub/sdk-ixbmZEKujCQRKUxc:0
[61448454ms] [WARNING] The resource https://render.com/docs/troubleshooting-deploys.md was preloaded using link preload but not used within a few seconds from the window's load event. Please make sure it has an appropriate `as` value and it is preloaded intentionally. @ https://render.com/docs/troubleshooting-deploys:0
[61657310ms] [WARNING] The resource https://render.com/docs/troubleshooting-deploys.md was preloaded using link preload but not used within a few seconds from the window's load event. Please make sure it has an appropriate `as` value and it is preloaded intentionally. @ https://render.com/docs/troubleshooting-deploys:0
[61757470ms] [WARNING] The resource https://render.com/docs/troubleshooting-deploys.md was preloaded using link preload but not used within a few seconds from the window's load event. Please make sure it has an appropriate `as` value and it is preloaded intentionally. @ https://render.com/docs/troubleshooting-deploys:0
[61958163ms] [WARNING] The resource https://render.com/docs/troubleshooting-deploys.md was preloaded using link preload but not used within a few seconds from the window's load event. Please make sure it has an appropriate `as` value and it is preloaded intentionally. @ https://render.com/docs/troubleshooting-deploys:0
[62066740ms] [WARNING] The resource https://render.com/docs/troubleshooting-deploys.md was preloaded using link preload but not used within a few seconds from the window's load event. Please make sure it has an appropriate `as` value and it is preloaded intentionally. @ https://render.com/docs/troubleshooting-deploys:0
[62257114ms] [WARNING] The resource https://render.com/docs/troubleshooting-deploys.md was preloaded using link preload but not used within a few seconds from the window's load event. Please make sure it has an appropriate `as` value and it is preloaded intentionally. @ https://render.com/docs/troubleshooting-deploys:0
[62373501ms] [WARNING] The resource https://render.com/docs/troubleshooting-deploys.md was preloaded using link preload but not used within a few seconds from the window's load event. Please make sure it has an appropriate `as` value and it is preloaded intentionally. @ https://render.com/docs/troubleshooting-deploys:0
[62557112ms] [WARNING] The resource https://render.com/docs/troubleshooting-deploys.md was preloaded using link preload but not used within a few seconds from the window's load event. Please make sure it has an appropriate `as` value and it is preloaded intentionally. @ https://render.com/docs/troubleshooting-deploys:0
[62682725ms] [WARNING] The resource https://render.com/docs/troubleshooting-deploys.md was preloaded using link preload but not used within a few seconds from the window's load event. Please make sure it has an appropriate `as` value and it is preloaded intentionally. @ https://render.com/docs/troubleshooting-deploys:0
[62857256ms] [WARNING] The resource https://render.com/docs/troubleshooting-deploys.md was preloaded using link preload but not used within a few seconds from the window's load event. Please make sure it has an appropriate `as` value and it is preloaded intentionally. @ https://render.com/docs/troubleshooting-deploys:0
[62989146ms] [WARNING] The resource https://render.com/docs/troubleshooting-deploys.md was preloaded using link preload but not used within a few seconds from the window's load event. Please make sure it has an appropriate `as` value and it is preloaded intentionally. @ https://render.com/docs/troubleshooting-deploys:0
[63157168ms] [WARNING] The resource https://render.com/docs/troubleshooting-deploys.md was preloaded using link preload but not used within a few seconds from the window's load event. Please make sure it has an appropriate `as` value and it is preloaded intentionally. @ https://render.com/docs/troubleshooting-deploys:0
[63269119ms] [WARNING] The resource https://render.com/docs/troubleshooting-deploys.md was preloaded using link preload but not used within a few seconds from the window's load event. Please make sure it has an appropriate `as` value and it is preloaded intentionally. @ https://render.com/docs/troubleshooting-deploys:0
[63457167ms] [WARNING] The resource https://render.com/docs/troubleshooting-deploys.md was preloaded using link preload but not used within a few seconds from the window's load event. Please make sure it has an appropriate `as` value and it is preloaded intentionally. @ https://render.com/docs/troubleshooting-deploys:0
[63544453ms] [WARNING] The resource https://render.com/docs/troubleshooting-deploys.md was preloaded using link preload but not used within a few seconds from the window's load event. Please make sure it has an appropriate `as` value and it is preloaded intentionally. @ https://render.com/docs/troubleshooting-deploys:0
[63615759ms] [ERROR] Failed to load resource: net::ERR_NETWORK_IO_SUSPENDED @ https://cdn.growthbook.io/sub/sdk-ixbmZEKujCQRKUxc:0
[63618764ms] [WARNING] The resource https://render.com/docs/troubleshooting-deploys.md was preloaded using link preload but not used within a few seconds from the window's load event. Please make sure it has an appropriate `as` value and it is preloaded intentionally. @ https://render.com/docs/troubleshooting-deploys:0
[64716348ms] [ERROR] Failed to load resource: net::ERR_CONNECTION_CLOSED @ https://cdn.growthbook.io/sub/sdk-ixbmZEKujCQRKUxc:0
[64719352ms] [WARNING] The resource https://render.com/docs/troubleshooting-deploys.md was preloaded using link preload but not used within a few seconds from the window's load event. Please make sure it has an appropriate `as` value and it is preloaded intentionally. @ https://render.com/docs/troubleshooting-deploys:0
[65739737ms] [ERROR] Failed to load resource: net::ERR_CONNECTION_CLOSED @ https://cdn.growthbook.io/sub/sdk-ixbmZEKujCQRKUxc:0
[65742739ms] [WARNING] The resource https://render.com/docs/troubleshooting-deploys.md was preloaded using link preload but not used within a few seconds from the window's load event. Please make sure it has an appropriate `as` value and it is preloaded intentionally. @ https://render.com/docs/troubleshooting-deploys:0
[66725914ms] [WARNING] The resource https://render.com/docs/troubleshooting-deploys.md was preloaded using link preload but not used within a few seconds from the window's load event. Please make sure it has an appropriate `as` value and it is preloaded intentionally. @ https://render.com/docs/troubleshooting-deploys:0
[67787006ms] [ERROR] Failed to load resource: net::ERR_CONNECTION_CLOSED @ https://cdn.growthbook.io/sub/sdk-ixbmZEKujCQRKUxc:0
[68714753ms] [WARNING] The resource https://render.com/docs/troubleshooting-deploys.md was preloaded using link preload but not used within a few seconds from the window's load event. Please make sure it has an appropriate `as` value and it is preloaded intentionally. @ https://render.com/docs/troubleshooting-deploys:0
[69851152ms] [ERROR] Failed to load resource: net::ERR_CONNECTION_CLOSED @ https://cdn.growthbook.io/sub/sdk-ixbmZEKujCQRKUxc:0
[69854155ms] [WARNING] The resource https://render.com/docs/troubleshooting-deploys.md was preloaded using link preload but not used within a few seconds from the window's load event. Please make sure it has an appropriate `as` value and it is preloaded intentionally. @ https://render.com/docs/troubleshooting-deploys:0
[70240710ms] [WARNING] The resource https://render.com/docs/troubleshooting-deploys.md was preloaded using link preload but not used within a few seconds from the window's load event. Please make sure it has an appropriate `as` value and it is preloaded intentionally. @ https://render.com/docs/troubleshooting-deploys:0
[70403773ms] [WARNING] The resource https://render.com/docs/troubleshooting-deploys.md was preloaded using link preload but not used within a few seconds from the window's load event. Please make sure it has an appropriate `as` value and it is preloaded intentionally. @ https://render.com/docs/troubleshooting-deploys:0
[70413270ms] [ERROR] Failed to load resource: net::ERR_NETWORK_IO_SUSPENDED @ https://cdn.growthbook.io/sub/sdk-ixbmZEKujCQRKUxc:0
[70416273ms] [WARNING] The resource https://render.com/docs/troubleshooting-deploys.md was preloaded using link preload but not used within a few seconds from the window's load event. Please make sure it has an appropriate `as` value and it is preloaded intentionally. @ https://render.com/docs/troubleshooting-deploys:0
[72520801ms] [WARNING] The resource https://render.com/docs/troubleshooting-deploys.md was preloaded using link preload but not used within a few seconds from the window's load event. Please make sure it has an appropriate `as` value and it is preloaded intentionally. @ https://render.com/docs/troubleshooting-deploys:0
[73325065ms] [ERROR] Failed to load resource: net::ERR_CONNECTION_CLOSED @ https://cdn.growthbook.io/sub/sdk-ixbmZEKujCQRKUxc:0
[73328069ms] [WARNING] The resource https://render.com/docs/troubleshooting-deploys.md was preloaded using link preload but not used within a few seconds from the window's load event. Please make sure it has an appropriate `as` value and it is preloaded intentionally. @ https://render.com/docs/troubleshooting-deploys:0
[73335407ms] [WARNING] The resource https://render.com/docs/troubleshooting-deploys.md was preloaded using link preload but not used within a few seconds from the window's load event. Please make sure it has an appropriate `as` value and it is preloaded intentionally. @ https://render.com/docs/troubleshooting-deploys:0
[73621423ms] [WARNING] The resource https://render.com/docs/troubleshooting-deploys.md was preloaded using link preload but not used within a few seconds from the window's load event. Please make sure it has an appropriate `as` value and it is preloaded intentionally. @ https://render.com/docs/troubleshooting-deploys:0
[73635373ms] [WARNING] The resource https://render.com/docs/troubleshooting-deploys.md was preloaded using link preload but not used within a few seconds from the window's load event. Please make sure it has an appropriate `as` value and it is preloaded intentionally. @ https://render.com/docs/troubleshooting-deploys:0
[73755139ms] [ERROR] Failed to load resource: net::ERR_NETWORK_IO_SUSPENDED @ https://cdn.growthbook.io/sub/sdk-ixbmZEKujCQRKUxc:0
[73758152ms] [WARNING] The resource https://render.com/docs/troubleshooting-deploys.md was preloaded using link preload but not used within a few seconds from the window's load event. Please make sure it has an appropriate `as` value and it is preloaded intentionally. @ https://render.com/docs/troubleshooting-deploys:0
[74641844ms] [ERROR] Failed to load resource: net::ERR_CONNECTION_CLOSED @ https://cdn.growthbook.io/sub/sdk-ixbmZEKujCQRKUxc:0
[74644852ms] [WARNING] The resource https://render.com/docs/troubleshooting-deploys.md was preloaded using link preload but not used within a few seconds from the window's load event. Please make sure it has an appropriate `as` value and it is preloaded intentionally. @ https://render.com/docs/troubleshooting-deploys:0
[74766373ms] [WARNING] The resource https://render.com/docs/troubleshooting-deploys.md was preloaded using link preload but not used within a few seconds from the window's load event. Please make sure it has an appropriate `as` value and it is preloaded intentionally. @ https://render.com/docs/troubleshooting-deploys:0
[74949044ms] [WARNING] The resource https://render.com/docs/troubleshooting-deploys.md was preloaded using link preload but not used within a few seconds from the window's load event. Please make sure it has an appropriate `as` value and it is preloaded intentionally. @ https://render.com/docs/troubleshooting-deploys:0
[74991944ms] [ERROR] Failed to load resource: net::ERR_NETWORK_IO_SUSPENDED @ https://cdn.growthbook.io/sub/sdk-ixbmZEKujCQRKUxc:0
[74994947ms] [WARNING] The resource https://render.com/docs/troubleshooting-deploys.md was preloaded using link preload but not used within a few seconds from the window's load event. Please make sure it has an appropriate `as` value and it is preloaded intentionally. @ https://render.com/docs/troubleshooting-deploys:0
[75485297ms] [WARNING] The resource https://render.com/docs/troubleshooting-deploys.md was preloaded using link preload but not used within a few seconds from the window's load event. Please make sure it has an appropriate `as` value and it is preloaded intentionally. @ https://render.com/docs/troubleshooting-deploys:0
[75556492ms] [ERROR] Failed to load resource: net::ERR_CONNECTION_CLOSED @ https://cdn.growthbook.io/sub/sdk-ixbmZEKujCQRKUxc:0
[75559497ms] [WARNING] The resource https://render.com/docs/troubleshooting-deploys.md was preloaded using link preload but not used within a few seconds from the window's load event. Please make sure it has an appropriate `as` value and it is preloaded intentionally. @ https://render.com/docs/troubleshooting-deploys:0
[75785170ms] [WARNING] The resource https://render.com/docs/troubleshooting-deploys.md was preloaded using link preload but not used within a few seconds from the window's load event. Please make sure it has an appropriate `as` value and it is preloaded intentionally. @ https://render.com/docs/troubleshooting-deploys:0
[75847329ms] [WARNING] The resource https://render.com/docs/troubleshooting-deploys.md was preloaded using link preload but not used within a few seconds from the window's load event. Please make sure it has an appropriate `as` value and it is preloaded intentionally. @ https://render.com/docs/troubleshooting-deploys:0
[76085151ms] [WARNING] The resource https://render.com/docs/troubleshooting-deploys.md was preloaded using link preload but not used within a few seconds from the window's load event. Please make sure it has an appropriate `as` value and it is preloaded intentionally. @ https://render.com/docs/troubleshooting-deploys:0
[76157604ms] [WARNING] The resource https://render.com/docs/troubleshooting-deploys.md was preloaded using link preload but not used within a few seconds from the window's load event. Please make sure it has an appropriate `as` value and it is preloaded intentionally. @ https://render.com/docs/troubleshooting-deploys:0
[76385140ms] [WARNING] The resource https://render.com/docs/troubleshooting-deploys.md was preloaded using link preload but not used within a few seconds from the window's load event. Please make sure it has an appropriate `as` value and it is preloaded intentionally. @ https://render.com/docs/troubleshooting-deploys:0
[76466622ms] [WARNING] The resource https://render.com/docs/troubleshooting-deploys.md was preloaded using link preload but not used within a few seconds from the window's load event. Please make sure it has an appropriate `as` value and it is preloaded intentionally. @ https://render.com/docs/troubleshooting-deploys:0
[76685133ms] [WARNING] The resource https://render.com/docs/troubleshooting-deploys.md was preloaded using link preload but not used within a few seconds from the window's load event. Please make sure it has an appropriate `as` value and it is preloaded intentionally. @ https://render.com/docs/troubleshooting-deploys:0
